2021-05-14 13:24:28,128 - INFO -Bot started
2021-05-14 13:24:28,128 - INFO -Scheduler started
2021-05-14 13:50:02,578 - INFO -Received signal 2 (SIGINT), stopping...
2021-05-14 13:50:02,580 - INFO -Scheduler has been shut down
2021-05-14 15:28:15,912 - INFO -Bot started
2021-05-14 15:28:15,913 - INFO -Scheduler started
2021-05-15 06:33:28,583 - INFO -Bot started
2021-05-15 06:33:28,585 - INFO -Scheduler started
2021-05-15 06:34:08,460 - INFO -Received signal 2 (SIGINT), stopping...
2021-05-15 06:34:08,461 - INFO -Scheduler has been shut down
2021-05-15 06:35:21,779 - INFO -Bot started
2021-05-15 06:35:21,781 - INFO -Scheduler started
2021-05-15 06:35:31,825 - INFO -Hello. Bot
2021-05-15 06:41:18,411 - INFO -Received signal 2 (SIGINT), stopping...
2021-05-15 06:41:18,412 - INFO -Scheduler has been shut down
2021-05-15 06:41:37,956 - INFO -Bot started
2021-05-15 06:41:37,957 - INFO -Scheduler started
2021-05-15 06:41:42,955 - INFO -1
2021-05-15 06:41:54,244 - INFO -Received signal 2 (SIGINT), stopping...
2021-05-15 06:41:54,244 - INFO -Scheduler has been shut down
